[0.008s] Invoking command in '/home/peony/navigation_ws/build/mpc_follower': CMAKE_PREFIX_PATH=/opt/ros/humble /usr/bin/cmake /home/peony/navigation_ws/src/mpc_follower -DCMAKE_INSTALL_PREFIX=/home/peony/navigation_ws/install/mpc_follower
[0.052s] -- The C compiler identification is GNU 11.4.0
[0.095s] -- The CXX compiler identification is GNU 11.4.0
[0.101s] -- Detecting C compiler ABI info
[0.156s] -- Detecting C compiler ABI info - done
[0.161s] -- Check for working C compiler: /usr/bin/cc - skipped
[0.161s] -- Detecting C compile features
[0.162s] -- Detecting C compile features - done
[0.164s] -- Detecting CXX compiler ABI info
[0.229s] -- Detecting CXX compiler ABI info - done
[0.235s] -- Check for working CXX compiler: /usr/bin/c++ - skipped
[0.235s] -- Detecting CXX compile features
[0.235s] -- Detecting CXX compile features - done
[0.237s] -- Found ament_cmake: 1.3.12 (/opt/ros/humble/share/ament_cmake/cmake)
[0.341s] -- Found Python3: /usr/bin/python3 (found version "3.10.12") found components: Interpreter 
[0.385s] -- Found rclcpp: 16.0.16 (/opt/ros/humble/share/rclcpp/cmake)
[0.406s] -- Found rosidl_generator_c: 3.1.7 (/opt/ros/humble/share/rosidl_generator_c/cmake)
[0.408s] -- Found rosidl_adapter: 3.1.7 (/opt/ros/humble/share/rosidl_adapter/cmake)
[0.412s] -- Found rosidl_generator_cpp: 3.1.7 (/opt/ros/humble/share/rosidl_generator_cpp/cmake)
[0.418s] -- Using all available rosidl_typesupport_c: rosidl_typesupport_fastrtps_c;rosidl_typesupport_introspection_c
[0.426s] -- Using all available rosidl_typesupport_cpp: rosidl_typesupport_fastrtps_cpp;rosidl_typesupport_introspection_cpp
[0.449s] -- Found rmw_implementation_cmake: 6.1.2 (/opt/ros/humble/share/rmw_implementation_cmake/cmake)
[0.450s] -- Found rmw_fastrtps_cpp: 6.2.9 (/opt/ros/humble/share/rmw_fastrtps_cpp/cmake)
[0.505s] -- Found OpenSSL: /usr/lib/x86_64-linux-gnu/libcrypto.so (found version "3.0.2")  
[0.522s] -- Found FastRTPS: /opt/ros/humble/include  
[0.548s] -- Using RMW implementation 'rmw_fastrtps_cpp' as default
[0.552s] -- Looking for pthread.h
[0.596s] -- Looking for pthread.h - found
[0.596s] -- Performing Test CMAKE_HAVE_LIBC_PTHREAD
[0.640s] -- Performing Test CMAKE_HAVE_LIBC_PTHREAD - Success
[0.641s] -- Found Threads: TRUE  
[0.666s] -- Found nav_msgs: 4.9.0 (/opt/ros/humble/share/nav_msgs/cmake)
[0.681s] -- Found visualization_msgs: 4.9.0 (/opt/ros/humble/share/visualization_msgs/cmake)
[0.706s] -- Found tf2: 0.25.17 (/opt/ros/humble/share/tf2/cmake)
[0.712s] -- Found tf2_ros: 0.25.17 (/opt/ros/humble/share/tf2_ros/cmake)
[0.755s] -- Found tf2_geometry_msgs: 0.25.17 (/opt/ros/humble/share/tf2_geometry_msgs/cmake)
[0.760s] -- Found eigen3_cmake_module: 0.1.1 (/opt/ros/humble/share/eigen3_cmake_module/cmake)
[0.761s] -- Found Eigen3: TRUE (found version "3.4.0") 
[0.761s] -- Ensuring Eigen3 include directory is part of orocos-kdl CMake target
[0.764s] -- Found PkgConfig: /usr/bin/pkg-config (found version "0.29.2") 
[0.765s] -- Found angles: 1.15.0 (/opt/ros/humble/share/angles/cmake)
[0.766s] -- Found pcl_conversions: 2.4.5 (/opt/ros/humble/share/pcl_conversions/cmake)
[0.785s] -- Checking for module 'eigen3'
[0.794s] --   Found eigen3, version 3.4.0
[0.817s] -- Found Eigen: /usr/include/eigen3 (Required is at least version "3.1") 
[0.817s] -- Eigen found (include: /usr/include/eigen3, version: 3.4.0)
[0.837s] -- Checking for module 'flann'
[0.846s] --   Found flann, version 1.9.1
[0.872s] -- Found FLANN: /usr/lib/x86_64-linux-gnu/libflann_cpp.so  
[0.872s] -- FLANN found (include: /usr/include, lib: /usr/lib/x86_64-linux-gnu/libflann_cpp.so)
[1.432s] -- Checking for module 'libusb-1.0'
[1.442s] --   Found libusb-1.0, version 1.0.25
[1.469s] -- Found libusb: /usr/lib/x86_64-linux-gnu/libusb-1.0.so  
[1.470s] -- OpenNI found (version: 1.5.4.0, include: /usr/include/ni, lib: /usr/lib/libOpenNI.so;libusb::libusb)
[1.509s] -- OpenNI2 found (version: 2.2.0.33, include: /usr/include/openni2, lib: /usr/lib/x86_64-linux-gnu/libOpenNI2.so;libusb::libusb)
[1.599s] -- Eigen found (include: /usr/include/eigen3, version: 3.4.0)
[1.603s] -- OpenNI found (version: 1.5.4.0, include: /usr/include/ni, lib: /usr/lib/libOpenNI.so;libusb::libusb)
[1.606s] -- OpenNI2 found (version: 2.2.0.33, include: /usr/include/openni2, lib: /usr/lib/x86_64-linux-gnu/libOpenNI2.so;libusb::libusb)
[1.694s] -- Found Qhull version 8.0.2
[1.783s] -- OpenNI found (version: 1.5.4.0, include: /usr/include/ni, lib: /usr/lib/libOpenNI.so;libusb::libusb)
[1.861s] -- Found PCL_COMMON: /usr/lib/x86_64-linux-gnu/libpcl_common.so  
[1.861s] -- Found PCL_KDTREE: /usr/lib/x86_64-linux-gnu/libpcl_kdtree.so  
[1.862s] -- Found PCL_OCTREE: /usr/lib/x86_64-linux-gnu/libpcl_octree.so  
[1.862s] -- Found PCL_SEARCH: /usr/lib/x86_64-linux-gnu/libpcl_search.so  
[1.862s] -- Found PCL_SAMPLE_CONSENSUS: /usr/lib/x86_64-linux-gnu/libpcl_sample_consensus.so  
[1.863s] -- Found PCL_FILTERS: /usr/lib/x86_64-linux-gnu/libpcl_filters.so  
[1.863s] -- Found PCL_2D: /usr/include/pcl-1.12  
[1.863s] -- Found PCL_GEOMETRY: /usr/include/pcl-1.12  
[1.864s] -- Found PCL_IO: /usr/lib/x86_64-linux-gnu/libpcl_io.so  
[1.864s] -- Found PCL_FEATURES: /usr/lib/x86_64-linux-gnu/libpcl_features.so  
[1.865s] -- Found PCL_ML: /usr/lib/x86_64-linux-gnu/libpcl_ml.so  
[1.865s] -- Found PCL_SEGMENTATION: /usr/lib/x86_64-linux-gnu/libpcl_segmentation.so  
[1.865s] -- Found PCL_VISUALIZATION: /usr/lib/x86_64-linux-gnu/libpcl_visualization.so  
[1.866s] -- Found PCL_SURFACE: /usr/lib/x86_64-linux-gnu/libpcl_surface.so  
[1.866s] -- Found PCL_REGISTRATION: /usr/lib/x86_64-linux-gnu/libpcl_registration.so  
[1.867s] -- Found PCL_KEYPOINTS: /usr/lib/x86_64-linux-gnu/libpcl_keypoints.so  
[1.867s] -- Found PCL_TRACKING: /usr/lib/x86_64-linux-gnu/libpcl_tracking.so  
[1.868s] -- Found PCL_RECOGNITION: /usr/lib/x86_64-linux-gnu/libpcl_recognition.so  
[1.868s] -- Found PCL_STEREO: /usr/lib/x86_64-linux-gnu/libpcl_stereo.so  
[1.869s] -- Found PCL_APPS: /usr/lib/x86_64-linux-gnu/libpcl_apps.so  
[1.869s] -- Found PCL_IN_HAND_SCANNER: /usr/include/pcl-1.12  
[1.869s] -- Found PCL_MODELER: /usr/include/pcl-1.12  
[1.869s] -- Found PCL_POINT_CLOUD_EDITOR: /usr/include/pcl-1.12  
[1.870s] -- Found PCL_OUTOFCORE: /usr/lib/x86_64-linux-gnu/libpcl_outofcore.so  
[1.870s] -- Found PCL_PEOPLE: /usr/lib/x86_64-linux-gnu/libpcl_people.so  
[1.877s] -- Found ament_lint_auto: 0.12.14 (/opt/ros/humble/share/ament_lint_auto/cmake)
[1.921s] -- Added test 'copyright' to check source files copyright and LICENSE
[1.929s] -- Added test 'cppcheck' to perform static code analysis on C / C++ code
[1.929s] -- Configured cppcheck include dirs: /home/peony/navigation_ws/src/mpc_follower/include
[1.929s] -- Configured cppcheck exclude dirs and/or files: 
[1.937s] -- Added test 'cpplint' to check C / C++ code against the Google style
[1.937s] -- Configured cpplint exclude dirs and/or files: 
[1.938s] -- Added test 'flake8' to check Python code syntax and style conventions
[1.941s] -- Added test 'lint_cmake' to check CMake code style
[1.942s] -- Added test 'pep257' to check Python code against some of the docstring style conventions in PEP 257
[1.950s] -- Added test 'uncrustify' to check C / C++ code style
[1.950s] -- Configured uncrustify additional arguments: 
[1.951s] -- Added test 'xmllint' to check XML markup files
[1.952s] -- Configuring done
[1.974s] -- Generating done
[1.980s] -- Build files have been written to: /home/peony/navigation_ws/build/mpc_follower
[1.992s] Invoked command in '/home/peony/navigation_ws/build/mpc_follower' returned '0': CMAKE_PREFIX_PATH=/opt/ros/humble /usr/bin/cmake /home/peony/navigation_ws/src/mpc_follower -DCMAKE_INSTALL_PREFIX=/home/peony/navigation_ws/install/mpc_follower
[1.993s] Invoking command in '/home/peony/navigation_ws/build/mpc_follower': CMAKE_PREFIX_PATH=/opt/ros/humble /usr/bin/cmake --build /home/peony/navigation_ws/build/mpc_follower -- -j32 -l32
[2.027s] [ 66%] [32mBuilding CXX object CMakeFiles/mpc_node.dir/src/mpc_node.cpp.o[0m
[2.028s] [ 66%] [32mBuilding CXX object CMakeFiles/mpc_node.dir/src/mpc_controller.cpp.o[0m
[12.075s] [100%] [32m[1mLinking CXX executable mpc_node[0m
[12.981s] [100%] Built target mpc_node
[12.992s] Invoked command in '/home/peony/navigation_ws/build/mpc_follower' returned '0': CMAKE_PREFIX_PATH=/opt/ros/humble /usr/bin/cmake --build /home/peony/navigation_ws/build/mpc_follower -- -j32 -l32
[12.999s] Invoking command in '/home/peony/navigation_ws/build/mpc_follower': CMAKE_PREFIX_PATH=/opt/ros/humble /usr/bin/cmake --install /home/peony/navigation_ws/build/mpc_follower
[13.003s] -- Install configuration: ""
[13.003s] -- Installing: /home/peony/navigation_ws/install/mpc_follower/lib/mpc_follower/mpc_node
[13.008s] -- Set runtime path of "/home/peony/navigation_ws/install/mpc_follower/lib/mpc_follower/mpc_node" to ""
[13.009s] -- Installing: /home/peony/navigation_ws/install/mpc_follower/include/
[13.009s] -- Installing: /home/peony/navigation_ws/install/mpc_follower/include//mpc_controller.h
[13.009s] -- Installing: /home/peony/navigation_ws/install/mpc_follower/include//robot_model.h
[13.009s] -- Installing: /home/peony/navigation_ws/install/mpc_follower/include//mpc_follower
[13.009s] -- Installing: /home/peony/navigation_ws/install/mpc_follower/share/mpc_follower/cfg/
[13.009s] -- Installing: /home/peony/navigation_ws/install/mpc_follower/share/mpc_follower/cfg//mpc_params.yaml
[13.009s] -- Installing: /home/peony/navigation_ws/install/mpc_follower/share/mpc_follower/launch/
[13.009s] -- Installing: /home/peony/navigation_ws/install/mpc_follower/share/mpc_follower/launch//mpc_follower.launch.py
[13.009s] -- Installing: /home/peony/navigation_ws/install/mpc_follower/share/ament_index/resource_index/package_run_dependencies/mpc_follower
[13.009s] -- Installing: /home/peony/navigation_ws/install/mpc_follower/share/ament_index/resource_index/parent_prefix_path/mpc_follower
[13.009s] -- Installing: /home/peony/navigation_ws/install/mpc_follower/share/mpc_follower/environment/ament_prefix_path.sh
[13.009s] -- Installing: /home/peony/navigation_ws/install/mpc_follower/share/mpc_follower/environment/ament_prefix_path.dsv
[13.009s] -- Installing: /home/peony/navigation_ws/install/mpc_follower/share/mpc_follower/environment/path.sh
[13.010s] -- Installing: /home/peony/navigation_ws/install/mpc_follower/share/mpc_follower/environment/path.dsv
[13.010s] -- Installing: /home/peony/navigation_ws/install/mpc_follower/share/mpc_follower/local_setup.bash
[13.010s] -- Installing: /home/peony/navigation_ws/install/mpc_follower/share/mpc_follower/local_setup.sh
[13.010s] -- Installing: /home/peony/navigation_ws/install/mpc_follower/share/mpc_follower/local_setup.zsh
[13.010s] -- Installing: /home/peony/navigation_ws/install/mpc_follower/share/mpc_follower/local_setup.dsv
[13.010s] -- Installing: /home/peony/navigation_ws/install/mpc_follower/share/mpc_follower/package.dsv
[13.010s] -- Installing: /home/peony/navigation_ws/install/mpc_follower/share/ament_index/resource_index/packages/mpc_follower
[13.010s] -- Installing: /home/peony/navigation_ws/install/mpc_follower/share/mpc_follower/cmake/mpc_followerConfig.cmake
[13.010s] -- Installing: /home/peony/navigation_ws/install/mpc_follower/share/mpc_follower/cmake/mpc_followerConfig-version.cmake
[13.010s] -- Installing: /home/peony/navigation_ws/install/mpc_follower/share/mpc_follower/package.xml
[13.012s] Invoked command in '/home/peony/navigation_ws/build/mpc_follower' returned '0': CMAKE_PREFIX_PATH=/opt/ros/humble /usr/bin/cmake --install /home/peony/navigation_ws/build/mpc_follower
