[0.010s] Invoking command in '/home/peony/navigation_ws/build/path_searching': CMAKE_PREFIX_PATH=/opt/ros/humble /usr/bin/cmake --build /home/peony/navigation_ws/build/path_searching -- -j32 -l32
[0.051s] [35m[1mConsolidate compiler generated dependencies of target path_searching_lib[0m
[0.073s] [ 50%] Built target path_searching_lib
[0.081s] [35m[1mConsolidate compiler generated dependencies of target esdf_benchmark[0m
[0.082s] [35m[1mConsolidate compiler generated dependencies of target plan_manager[0m
[0.093s] [ 75%] Built target esdf_benchmark
[0.108s] [100%] Built target plan_manager
[0.117s] Invoked command in '/home/peony/navigation_ws/build/path_searching' returned '0': CMAKE_PREFIX_PATH=/opt/ros/humble /usr/bin/cmake --build /home/peony/navigation_ws/build/path_searching -- -j32 -l32
[0.118s] Invoking command in '/home/peony/navigation_ws/build/path_searching': CMAKE_PREFIX_PATH=/opt/ros/humble /usr/bin/cmake --install /home/peony/navigation_ws/build/path_searching
[0.123s] -- Install configuration: ""
[0.123s] -- Up-to-date: /home/peony/navigation_ws/install/path_searching/lib/path_searching/plan_manager
[0.123s] -- Up-to-date: /home/peony/navigation_ws/install/path_searching/lib/path_searching/esdf_benchmark
[0.123s] -- Up-to-date: /home/peony/navigation_ws/install/path_searching/lib/libpath_searching_lib.a
[0.123s] -- Up-to-date: /home/peony/navigation_ws/install/path_searching/include
[0.123s] -- Up-to-date: /home/peony/navigation_ws/install/path_searching/include/ulitys.h
[0.123s] -- Up-to-date: /home/peony/navigation_ws/install/path_searching/include/esdf_map.h
[0.124s] -- Up-to-date: /home/peony/navigation_ws/install/path_searching/include/Astar.h
[0.124s] -- Up-to-date: /home/peony/navigation_ws/install/path_searching/include/cubic_spline
[0.124s] -- Up-to-date: /home/peony/navigation_ws/install/path_searching/include/cubic_spline/cubic_spline_ros.h
[0.124s] -- Up-to-date: /home/peony/navigation_ws/install/path_searching/include/cubic_spline/cubic_spline.h
[0.124s] -- Up-to-date: /home/peony/navigation_ws/install/path_searching/include/cubic_spline/cpprobotics_types.h
[0.124s] -- Up-to-date: /home/peony/navigation_ws/install/path_searching/include/smoother.h
[0.124s] -- Up-to-date: /home/peony/navigation_ws/install/path_searching/share/path_searching/launch
[0.124s] -- Up-to-date: /home/peony/navigation_ws/install/path_searching/share/path_searching/launch/astar.launch.py
[0.124s] -- Up-to-date: /home/peony/navigation_ws/install/path_searching/share/path_searching/launch/voronoi_astar.launch.py
[0.124s] -- Up-to-date: /home/peony/navigation_ws/install/path_searching/share/path_searching/cfg
[0.124s] -- Up-to-date: /home/peony/navigation_ws/install/path_searching/share/path_searching/cfg/plan_param.yaml
[0.124s] -- Up-to-date: /home/peony/navigation_ws/install/path_searching/share/path_searching/environment/library_path.sh
[0.124s] -- Up-to-date: /home/peony/navigation_ws/install/path_searching/share/path_searching/environment/library_path.dsv
[0.124s] -- Up-to-date: /home/peony/navigation_ws/install/path_searching/share/ament_index/resource_index/package_run_dependencies/path_searching
[0.124s] -- Up-to-date: /home/peony/navigation_ws/install/path_searching/share/ament_index/resource_index/parent_prefix_path/path_searching
[0.125s] -- Up-to-date: /home/peony/navigation_ws/install/path_searching/share/path_searching/environment/ament_prefix_path.sh
[0.125s] -- Up-to-date: /home/peony/navigation_ws/install/path_searching/share/path_searching/environment/ament_prefix_path.dsv
[0.125s] -- Up-to-date: /home/peony/navigation_ws/install/path_searching/share/path_searching/environment/path.sh
[0.125s] -- Up-to-date: /home/peony/navigation_ws/install/path_searching/share/path_searching/environment/path.dsv
[0.125s] -- Up-to-date: /home/peony/navigation_ws/install/path_searching/share/path_searching/local_setup.bash
[0.125s] -- Up-to-date: /home/peony/navigation_ws/install/path_searching/share/path_searching/local_setup.sh
[0.125s] -- Up-to-date: /home/peony/navigation_ws/install/path_searching/share/path_searching/local_setup.zsh
[0.125s] -- Up-to-date: /home/peony/navigation_ws/install/path_searching/share/path_searching/local_setup.dsv
[0.125s] -- Installing: /home/peony/navigation_ws/install/path_searching/share/path_searching/package.dsv
[0.125s] -- Up-to-date: /home/peony/navigation_ws/install/path_searching/share/ament_index/resource_index/packages/path_searching
[0.125s] -- Up-to-date: /home/peony/navigation_ws/install/path_searching/share/path_searching/cmake/ament_cmake_export_include_directories-extras.cmake
[0.125s] -- Up-to-date: /home/peony/navigation_ws/install/path_searching/share/path_searching/cmake/ament_cmake_export_libraries-extras.cmake
[0.125s] -- Up-to-date: /home/peony/navigation_ws/install/path_searching/share/path_searching/cmake/ament_cmake_export_dependencies-extras.cmake
[0.125s] -- Up-to-date: /home/peony/navigation_ws/install/path_searching/share/path_searching/cmake/path_searchingConfig.cmake
[0.125s] -- Up-to-date: /home/peony/navigation_ws/install/path_searching/share/path_searching/cmake/path_searchingConfig-version.cmake
[0.125s] -- Up-to-date: /home/peony/navigation_ws/install/path_searching/share/path_searching/package.xml
[0.126s] Invoked command in '/home/peony/navigation_ws/build/path_searching' returned '0': CMAKE_PREFIX_PATH=/opt/ros/humble /usr/bin/cmake --install /home/peony/navigation_ws/build/path_searching
