[0.066s] DEBUG:colcon:Command line arguments: ['/usr/bin/colcon', 'build']
[0.066s] DEBUG:colcon:Parsed command line arguments: Namespace(log_base=None, log_level=None, verb_name='build', build_base='build', install_base='install', merge_install=False, symlink_install=False, test_result_base=None, continue_on_error=False, executor='parallel', parallel_workers=32, event_handlers=None, ignore_user_meta=False, metas=['./colcon.meta'], base_paths=['.'], packages_ignore=None, packages_ignore_regex=None, paths=None, packages_up_to=None, packages_up_to_regex=None, packages_above=None, packages_above_and_dependencies=None, packages_above_depth=None, packages_select_by_dep=None, packages_skip_by_dep=None, packages_skip_up_to=None, packages_select_build_failed=False, packages_skip_build_finished=False, packages_select_test_failures=False, packages_skip_test_passed=False, packages_select=None, packages_skip=None, packages_select_regex=None, packages_skip_regex=None, packages_start=None, packages_end=None, allow_overriding=[], cmake_args=None, cmake_target=None, cmake_target_skip_unavailable=False, cmake_clean_cache=False, cmake_clean_first=False, cmake_force_configure=False, ament_cmake_args=None, catkin_cmake_args=None, catkin_skip_building_tests=False, verb_parser=<colcon_defaults.argument_parser.defaults.DefaultArgumentsDecorator object at 0x7eaa12f58040>, verb_extension=<colcon_core.verb.build.BuildVerb object at 0x7eaa12f23700>, main=<bound method BuildVerb.main of <colcon_core.verb.build.BuildVerb object at 0x7eaa12f23700>>)
[0.166s] Level 1:colcon.colcon_core.package_discovery:discover_packages(colcon_meta) check parameters
[0.166s] Level 1:colcon.colcon_core.package_discovery:discover_packages(recursive) check parameters
[0.166s] Level 1:colcon.colcon_core.package_discovery:discover_packages(ignore) check parameters
[0.166s] Level 1:colcon.colcon_core.package_discovery:discover_packages(path) check parameters
[0.166s] Level 1:colcon.colcon_core.package_discovery:discover_packages(colcon_meta) discover
[0.166s] Level 1:colcon.colcon_core.package_discovery:discover_packages(recursive) discover
[0.166s] INFO:colcon.colcon_core.package_discovery:Crawling recursively for packages in '/home/peony/navigation_ws/mpc_follower'
[0.166s] Level 1:colcon.colcon_core.package_identification:_identify(.) by extensions ['ignore', 'ignore_ament_install']
[0.166s] Level 1:colcon.colcon_core.package_identification:_identify(.) by extension 'ignore'
[0.166s] Level 1:colcon.colcon_core.package_identification:_identify(.) by extension 'ignore_ament_install'
[0.166s] Level 1:colcon.colcon_core.package_identification:_identify(.) by extensions ['colcon_pkg']
[0.166s] Level 1:colcon.colcon_core.package_identification:_identify(.) by extension 'colcon_pkg'
[0.166s] Level 1:colcon.colcon_core.package_identification:_identify(.) by extensions ['colcon_meta']
[0.166s] Level 1:colcon.colcon_core.package_identification:_identify(.) by extension 'colcon_meta'
[0.167s] Level 1:colcon.colcon_core.package_identification:_identify(.) by extensions ['ros']
[0.167s] Level 1:colcon.colcon_core.package_identification:_identify(.) by extension 'ros'
[0.176s] DEBUG:colcon.colcon_core.package_identification:Package '.' with type 'ros.ament_cmake' and name 'mpc_follower'
[0.176s] Level 1:colcon.colcon_core.package_discovery:discover_packages(recursive) using defaults
[0.176s] Level 1:colcon.colcon_core.package_discovery:discover_packages(ignore) discover
[0.176s] Level 1:colcon.colcon_core.package_discovery:discover_packages(ignore) using defaults
[0.176s] Level 1:colcon.colcon_core.package_discovery:discover_packages(path) discover
[0.176s] Level 1:colcon.colcon_core.package_discovery:discover_packages(path) using defaults
[0.189s] Level 1:colcon.colcon_core.package_discovery:discover_packages(prefix_path) check parameters
[0.189s] Level 1:colcon.colcon_core.package_discovery:discover_packages(prefix_path) discover
[0.196s] DEBUG:colcon.colcon_installed_package_information.package_discovery:Found 322 installed packages in /opt/ros/humble
[0.197s] Level 1:colcon.colcon_core.package_discovery:discover_packages(prefix_path) using defaults
[0.224s] Level 5:colcon.colcon_core.verb:set package 'mpc_follower' build argument 'cmake_args' from command line to 'None'
[0.224s] Level 5:colcon.colcon_core.verb:set package 'mpc_follower' build argument 'cmake_target' from command line to 'None'
[0.224s] Level 5:colcon.colcon_core.verb:set package 'mpc_follower' build argument 'cmake_target_skip_unavailable' from command line to 'False'
[0.224s] Level 5:colcon.colcon_core.verb:set package 'mpc_follower' build argument 'cmake_clean_cache' from command line to 'False'
[0.224s] Level 5:colcon.colcon_core.verb:set package 'mpc_follower' build argument 'cmake_clean_first' from command line to 'False'
[0.224s] Level 5:colcon.colcon_core.verb:set package 'mpc_follower' build argument 'cmake_force_configure' from command line to 'False'
[0.224s] Level 5:colcon.colcon_core.verb:set package 'mpc_follower' build argument 'ament_cmake_args' from command line to 'None'
[0.224s] Level 5:colcon.colcon_core.verb:set package 'mpc_follower' build argument 'catkin_cmake_args' from command line to 'None'
[0.224s] Level 5:colcon.colcon_core.verb:set package 'mpc_follower' build argument 'catkin_skip_building_tests' from command line to 'False'
[0.224s] DEBUG:colcon.colcon_core.verb:Building package 'mpc_follower' with the following arguments: {'ament_cmake_args': None, 'build_base': '/home/peony/navigation_ws/mpc_follower/build/mpc_follower', 'catkin_cmake_args': None, 'catkin_skip_building_tests': False, 'cmake_args': None, 'cmake_clean_cache': False, 'cmake_clean_first': False, 'cmake_force_configure': False, 'cmake_target': None, 'cmake_target_skip_unavailable': False, 'install_base': '/home/peony/navigation_ws/mpc_follower/install/mpc_follower', 'merge_install': False, 'path': '/home/peony/navigation_ws/mpc_follower', 'symlink_install': False, 'test_result_base': None}
[0.224s] INFO:colcon.colcon_core.executor:Executing jobs using 'parallel' executor
[0.225s] DEBUG:colcon.colcon_parallel_executor.executor.parallel:run_until_complete
[0.225s] INFO:colcon.colcon_ros.task.ament_cmake.build:Building ROS package in '/home/peony/navigation_ws/mpc_follower' with build type 'ament_cmake'
[0.225s] INFO:colcon.colcon_cmake.task.cmake.build:Building CMake package in '/home/peony/navigation_ws/mpc_follower'
[0.226s] INFO:colcon.colcon_core.plugin_system:Skipping extension 'colcon_core.shell.bat': Not used on non-Windows systems
[0.226s] INFO:colcon.colcon_core.shell:Skip shell extension 'powershell' for command environment: Not usable outside of PowerShell
[0.226s] DEBUG:colcon.colcon_core.shell:Skip shell extension 'dsv' for command environment
[0.231s] DEBUG:colcon.colcon_core.event_handler.log_command:Invoking command in '/home/peony/navigation_ws/mpc_follower/build/mpc_follower': CMAKE_PREFIX_PATH=/opt/ros/humble /usr/bin/cmake /home/peony/navigation_ws/mpc_follower -DCMAKE_INSTALL_PREFIX=/home/peony/navigation_ws/mpc_follower/install/mpc_follower
[2.258s] DEBUG:colcon.colcon_core.event_handler.log_command:Invoked command in '/home/peony/navigation_ws/mpc_follower/build/mpc_follower' returned '0': CMAKE_PREFIX_PATH=/opt/ros/humble /usr/bin/cmake /home/peony/navigation_ws/mpc_follower -DCMAKE_INSTALL_PREFIX=/home/peony/navigation_ws/mpc_follower/install/mpc_follower
[2.259s] DEBUG:colcon.colcon_core.event_handler.log_command:Invoking command in '/home/peony/navigation_ws/mpc_follower/build/mpc_follower': CMAKE_PREFIX_PATH=/opt/ros/humble /usr/bin/cmake --build /home/peony/navigation_ws/mpc_follower/build/mpc_follower -- -j32 -l32
[12.638s] DEBUG:colcon.colcon_core.event_handler.log_command:Invoked command in '/home/peony/navigation_ws/mpc_follower/build/mpc_follower' returned '0': CMAKE_PREFIX_PATH=/opt/ros/humble /usr/bin/cmake --build /home/peony/navigation_ws/mpc_follower/build/mpc_follower -- -j32 -l32
[12.644s] DEBUG:colcon.colcon_core.event_handler.log_command:Invoking command in '/home/peony/navigation_ws/mpc_follower/build/mpc_follower': CMAKE_PREFIX_PATH=/opt/ros/humble /usr/bin/cmake --install /home/peony/navigation_ws/mpc_follower/build/mpc_follower
[12.657s] Level 1:colcon.colcon_core.environment:create_environment_scripts_only(mpc_follower)
[12.657s] DEBUG:colcon.colcon_core.event_handler.log_command:Invoked command in '/home/peony/navigation_ws/mpc_follower/build/mpc_follower' returned '0': CMAKE_PREFIX_PATH=/opt/ros/humble /usr/bin/cmake --install /home/peony/navigation_ws/mpc_follower/build/mpc_follower
[12.658s] Level 1:colcon.colcon_core.environment:checking '/home/peony/navigation_ws/mpc_follower/install/mpc_follower' for CMake module files
[12.658s] Level 1:colcon.colcon_core.environment:checking '/home/peony/navigation_ws/mpc_follower/install/mpc_follower' for CMake config files
[12.659s] Level 1:colcon.colcon_core.shell:create_environment_hook('mpc_follower', 'cmake_prefix_path')
[12.659s] INFO:colcon.colcon_core.shell:Creating environment hook '/home/peony/navigation_ws/mpc_follower/install/mpc_follower/share/mpc_follower/hook/cmake_prefix_path.ps1'
[12.659s] INFO:colcon.colcon_core.shell:Creating environment descriptor '/home/peony/navigation_ws/mpc_follower/install/mpc_follower/share/mpc_follower/hook/cmake_prefix_path.dsv'
[12.659s] INFO:colcon.colcon_core.shell:Creating environment hook '/home/peony/navigation_ws/mpc_follower/install/mpc_follower/share/mpc_follower/hook/cmake_prefix_path.sh'
[12.660s] Level 1:colcon.colcon_core.environment:checking '/home/peony/navigation_ws/mpc_follower/install/mpc_follower/lib'
[12.660s] Level 1:colcon.colcon_core.environment:checking '/home/peony/navigation_ws/mpc_follower/install/mpc_follower/bin'
[12.660s] Level 1:colcon.colcon_core.environment:checking '/home/peony/navigation_ws/mpc_follower/install/mpc_follower/lib/pkgconfig/mpc_follower.pc'
[12.660s] Level 1:colcon.colcon_core.environment:checking '/home/peony/navigation_ws/mpc_follower/install/mpc_follower/lib/python3.10/site-packages'
[12.660s] Level 1:colcon.colcon_core.environment:checking '/home/peony/navigation_ws/mpc_follower/install/mpc_follower/bin'
[12.660s] INFO:colcon.colcon_core.shell:Creating package script '/home/peony/navigation_ws/mpc_follower/install/mpc_follower/share/mpc_follower/package.ps1'
[12.660s] INFO:colcon.colcon_core.shell:Creating package descriptor '/home/peony/navigation_ws/mpc_follower/install/mpc_follower/share/mpc_follower/package.dsv'
[12.661s] INFO:colcon.colcon_core.shell:Creating package script '/home/peony/navigation_ws/mpc_follower/install/mpc_follower/share/mpc_follower/package.sh'
[12.661s] INFO:colcon.colcon_core.shell:Creating package script '/home/peony/navigation_ws/mpc_follower/install/mpc_follower/share/mpc_follower/package.bash'
[12.661s] INFO:colcon.colcon_core.shell:Creating package script '/home/peony/navigation_ws/mpc_follower/install/mpc_follower/share/mpc_follower/package.zsh'
[12.662s] Level 1:colcon.colcon_core.environment:create_file_with_runtime_dependencies(/home/peony/navigation_ws/mpc_follower/install/mpc_follower/share/colcon-core/packages/mpc_follower)
[12.662s] Level 1:colcon.colcon_core.environment:create_environment_scripts_only(mpc_follower)
[12.662s] Level 1:colcon.colcon_core.environment:checking '/home/peony/navigation_ws/mpc_follower/install/mpc_follower' for CMake module files
[12.662s] Level 1:colcon.colcon_core.environment:checking '/home/peony/navigation_ws/mpc_follower/install/mpc_follower' for CMake config files
[12.662s] Level 1:colcon.colcon_core.shell:create_environment_hook('mpc_follower', 'cmake_prefix_path')
[12.663s] INFO:colcon.colcon_core.shell:Creating environment hook '/home/peony/navigation_ws/mpc_follower/install/mpc_follower/share/mpc_follower/hook/cmake_prefix_path.ps1'
[12.663s] INFO:colcon.colcon_core.shell:Creating environment descriptor '/home/peony/navigation_ws/mpc_follower/install/mpc_follower/share/mpc_follower/hook/cmake_prefix_path.dsv'
[12.663s] INFO:colcon.colcon_core.shell:Creating environment hook '/home/peony/navigation_ws/mpc_follower/install/mpc_follower/share/mpc_follower/hook/cmake_prefix_path.sh'
[12.663s] Level 1:colcon.colcon_core.environment:checking '/home/peony/navigation_ws/mpc_follower/install/mpc_follower/lib'
[12.663s] Level 1:colcon.colcon_core.environment:checking '/home/peony/navigation_ws/mpc_follower/install/mpc_follower/bin'
[12.663s] Level 1:colcon.colcon_core.environment:checking '/home/peony/navigation_ws/mpc_follower/install/mpc_follower/lib/pkgconfig/mpc_follower.pc'
[12.663s] Level 1:colcon.colcon_core.environment:checking '/home/peony/navigation_ws/mpc_follower/install/mpc_follower/lib/python3.10/site-packages'
[12.663s] Level 1:colcon.colcon_core.environment:checking '/home/peony/navigation_ws/mpc_follower/install/mpc_follower/bin'
[12.664s] INFO:colcon.colcon_core.shell:Creating package script '/home/peony/navigation_ws/mpc_follower/install/mpc_follower/share/mpc_follower/package.ps1'
[12.664s] INFO:colcon.colcon_core.shell:Creating package descriptor '/home/peony/navigation_ws/mpc_follower/install/mpc_follower/share/mpc_follower/package.dsv'
[12.664s] INFO:colcon.colcon_core.shell:Creating package script '/home/peony/navigation_ws/mpc_follower/install/mpc_follower/share/mpc_follower/package.sh'
[12.664s] INFO:colcon.colcon_core.shell:Creating package script '/home/peony/navigation_ws/mpc_follower/install/mpc_follower/share/mpc_follower/package.bash'
[12.664s] INFO:colcon.colcon_core.shell:Creating package script '/home/peony/navigation_ws/mpc_follower/install/mpc_follower/share/mpc_follower/package.zsh'
[12.665s] Level 1:colcon.colcon_core.environment:create_file_with_runtime_dependencies(/home/peony/navigation_ws/mpc_follower/install/mpc_follower/share/colcon-core/packages/mpc_follower)
[12.665s] DEBUG:colcon.colcon_parallel_executor.executor.parallel:closing loop
[12.665s] DEBUG:colcon.colcon_parallel_executor.executor.parallel:loop closed
[12.665s] DEBUG:colcon.colcon_parallel_executor.executor.parallel:run_until_complete finished with '0'
[12.665s] DEBUG:colcon.colcon_core.event_reactor:joining thread
[12.667s] INFO:colcon.colcon_core.plugin_system:Skipping extension 'colcon_notification.desktop_notification.terminal_notifier': Not used on non-Darwin systems
[12.668s] INFO:colcon.colcon_core.plugin_system:Skipping extension 'colcon_notification.desktop_notification.win32': Not used on non-Windows systems
[12.668s] INFO:colcon.colcon_notification.desktop_notification:Sending desktop notification using 'notify2'
[12.677s] DEBUG:colcon.colcon_core.event_reactor:joined thread
[12.678s] INFO:colcon.colcon_core.shell:Creating prefix script '/home/peony/navigation_ws/mpc_follower/install/local_setup.ps1'
[12.678s] INFO:colcon.colcon_core.shell:Creating prefix util module '/home/peony/navigation_ws/mpc_follower/install/_local_setup_util_ps1.py'
[12.678s] INFO:colcon.colcon_core.shell:Creating prefix chain script '/home/peony/navigation_ws/mpc_follower/install/setup.ps1'
[12.679s] INFO:colcon.colcon_core.shell:Creating prefix script '/home/peony/navigation_ws/mpc_follower/install/local_setup.sh'
[12.679s] INFO:colcon.colcon_core.shell:Creating prefix util module '/home/peony/navigation_ws/mpc_follower/install/_local_setup_util_sh.py'
[12.679s] INFO:colcon.colcon_core.shell:Creating prefix chain script '/home/peony/navigation_ws/mpc_follower/install/setup.sh'
[12.680s] INFO:colcon.colcon_core.shell:Creating prefix script '/home/peony/navigation_ws/mpc_follower/install/local_setup.bash'
[12.680s] INFO:colcon.colcon_core.shell:Creating prefix chain script '/home/peony/navigation_ws/mpc_follower/install/setup.bash'
[12.680s] INFO:colcon.colcon_core.shell:Creating prefix script '/home/peony/navigation_ws/mpc_follower/install/local_setup.zsh'
[12.680s] INFO:colcon.colcon_core.shell:Creating prefix chain script '/home/peony/navigation_ws/mpc_follower/install/setup.zsh'
