[0.052s] DEBUG:colcon:Command line arguments: ['/usr/bin/colcon', 'build', '--packages-select', 'path_searching', '--event-handlers', 'console_cohesion+']
[0.052s] DEBUG:colcon:Parsed command line arguments: Namespace(log_base=None, log_level=None, verb_name='build', build_base='build', install_base='install', merge_install=False, symlink_install=False, test_result_base=None, continue_on_error=False, executor='parallel', parallel_workers=32, event_handlers=['console_cohesion+'], ignore_user_meta=False, metas=['./colcon.meta'], base_paths=['.'], packages_ignore=None, packages_ignore_regex=None, paths=None, packages_up_to=None, packages_up_to_regex=None, packages_above=None, packages_above_and_dependencies=None, packages_above_depth=None, packages_select_by_dep=None, packages_skip_by_dep=None, packages_skip_up_to=None, packages_select_build_failed=False, packages_skip_build_finished=False, packages_select_test_failures=False, packages_skip_test_passed=False, packages_select=['path_searching'], packages_skip=None, packages_select_regex=None, packages_skip_regex=None, packages_start=None, packages_end=None, allow_overriding=[], cmake_args=None, cmake_target=None, cmake_target_skip_unavailable=False, cmake_clean_cache=False, cmake_clean_first=False, cmake_force_configure=False, ament_cmake_args=None, catkin_cmake_args=None, catkin_skip_building_tests=False, verb_parser=<colcon_defaults.argument_parser.defaults.DefaultArgumentsDecorator object at 0x74026d364400>, verb_extension=<colcon_core.verb.build.BuildVerb object at 0x74026d32bac0>, main=<bound method BuildVerb.main of <colcon_core.verb.build.BuildVerb object at 0x74026d32bac0>>)
[0.130s] Level 1:colcon.colcon_core.package_discovery:discover_packages(colcon_meta) check parameters
[0.130s] Level 1:colcon.colcon_core.package_discovery:discover_packages(recursive) check parameters
[0.130s] Level 1:colcon.colcon_core.package_discovery:discover_packages(ignore) check parameters
[0.130s] Level 1:colcon.colcon_core.package_discovery:discover_packages(path) check parameters
[0.131s] Level 1:colcon.colcon_core.package_discovery:discover_packages(colcon_meta) discover
[0.131s] Level 1:colcon.colcon_core.package_discovery:discover_packages(recursive) discover
[0.131s] INFO:colcon.colcon_core.package_discovery:Crawling recursively for packages in '/home/peony/navigation_ws'
[0.131s] Level 1:colcon.colcon_core.package_identification:_identify(.) by extensions ['ignore', 'ignore_ament_install']
[0.131s] Level 1:colcon.colcon_core.package_identification:_identify(.) by extension 'ignore'
[0.131s] Level 1:colcon.colcon_core.package_identification:_identify(.) by extension 'ignore_ament_install'
[0.131s] Level 1:colcon.colcon_core.package_identification:_identify(.) by extensions ['colcon_pkg']
[0.131s] Level 1:colcon.colcon_core.package_identification:_identify(.) by extension 'colcon_pkg'
[0.131s] Level 1:colcon.colcon_core.package_identification:_identify(.) by extensions ['colcon_meta']
[0.131s] Level 1:colcon.colcon_core.package_identification:_identify(.) by extension 'colcon_meta'
[0.131s] Level 1:colcon.colcon_core.package_identification:_identify(.) by extensions ['ros']
[0.131s] Level 1:colcon.colcon_core.package_identification:_identify(.) by extension 'ros'
[0.136s] Level 1:colcon.colcon_core.package_identification:_identify(.) by extensions ['cmake', 'python']
[0.136s] Level 1:colcon.colcon_core.package_identification:_identify(.) by extension 'cmake'
[0.137s] Level 1:colcon.colcon_core.package_identification:_identify(.) by extension 'python'
[0.137s] Level 1:colcon.colcon_core.package_identification:_identify(.) by extensions ['python_setup_py']
[0.137s] Level 1:colcon.colcon_core.package_identification:_identify(.) by extension 'python_setup_py'
[0.137s] Level 1:colcon.colcon_core.package_identification:_identify(build) by extensions ['ignore', 'ignore_ament_install']
[0.137s] Level 1:colcon.colcon_core.package_identification:_identify(build) by extension 'ignore'
[0.137s] Level 1:colcon.colcon_core.package_identification:_identify(build) ignored
[0.137s] Level 1:colcon.colcon_core.package_identification:_identify(install) by extensions ['ignore', 'ignore_ament_install']
[0.137s] Level 1:colcon.colcon_core.package_identification:_identify(install) by extension 'ignore'
[0.137s] Level 1:colcon.colcon_core.package_identification:_identify(install) ignored
[0.137s] Level 1:colcon.colcon_core.package_identification:_identify(log) by extensions ['ignore', 'ignore_ament_install']
[0.137s] Level 1:colcon.colcon_core.package_identification:_identify(log) by extension 'ignore'
[0.137s] Level 1:colcon.colcon_core.package_identification:_identify(log) ignored
[0.137s] Level 1:colcon.colcon_core.package_identification:_identify(src) by extensions ['ignore', 'ignore_ament_install']
[0.137s] Level 1:colcon.colcon_core.package_identification:_identify(src) by extension 'ignore'
[0.137s] Level 1:colcon.colcon_core.package_identification:_identify(src) by extension 'ignore_ament_install'
[0.137s] Level 1:colcon.colcon_core.package_identification:_identify(src) by extensions ['colcon_pkg']
[0.137s] Level 1:colcon.colcon_core.package_identification:_identify(src) by extension 'colcon_pkg'
[0.137s] Level 1:colcon.colcon_core.package_identification:_identify(src) by extensions ['colcon_meta']
[0.137s] Level 1:colcon.colcon_core.package_identification:_identify(src) by extension 'colcon_meta'
[0.137s] Level 1:colcon.colcon_core.package_identification:_identify(src) by extensions ['ros']
[0.137s] Level 1:colcon.colcon_core.package_identification:_identify(src) by extension 'ros'
[0.137s] Level 1:colcon.colcon_core.package_identification:_identify(src) by extensions ['cmake', 'python']
[0.137s] Level 1:colcon.colcon_core.package_identification:_identify(src) by extension 'cmake'
[0.137s] Level 1:colcon.colcon_core.package_identification:_identify(src) by extension 'python'
[0.137s] Level 1:colcon.colcon_core.package_identification:_identify(src) by extensions ['python_setup_py']
[0.137s] Level 1:colcon.colcon_core.package_identification:_identify(src) by extension 'python_setup_py'
[0.137s] Level 1:colcon.colcon_core.package_identification:_identify(src/mpc_follower) by extensions ['ignore', 'ignore_ament_install']
[0.137s] Level 1:colcon.colcon_core.package_identification:_identify(src/mpc_follower) by extension 'ignore'
[0.137s] Level 1:colcon.colcon_core.package_identification:_identify(src/mpc_follower) by extension 'ignore_ament_install'
[0.137s] Level 1:colcon.colcon_core.package_identification:_identify(src/mpc_follower) by extensions ['colcon_pkg']
[0.137s] Level 1:colcon.colcon_core.package_identification:_identify(src/mpc_follower) by extension 'colcon_pkg'
[0.137s] Level 1:colcon.colcon_core.package_identification:_identify(src/mpc_follower) by extensions ['colcon_meta']
[0.137s] Level 1:colcon.colcon_core.package_identification:_identify(src/mpc_follower) by extension 'colcon_meta'
[0.137s] Level 1:colcon.colcon_core.package_identification:_identify(src/mpc_follower) by extensions ['ros']
[0.137s] Level 1:colcon.colcon_core.package_identification:_identify(src/mpc_follower) by extension 'ros'
[0.139s] DEBUG:colcon.colcon_core.package_identification:Package 'src/mpc_follower' with type 'ros.ament_cmake' and name 'mpc_follower'
[0.139s] Level 1:colcon.colcon_core.package_identification:_identify(src/path_searching) by extensions ['ignore', 'ignore_ament_install']
[0.139s] Level 1:colcon.colcon_core.package_identification:_identify(src/path_searching) by extension 'ignore'
[0.139s] Level 1:colcon.colcon_core.package_identification:_identify(src/path_searching) by extension 'ignore_ament_install'
[0.139s] Level 1:colcon.colcon_core.package_identification:_identify(src/path_searching) by extensions ['colcon_pkg']
[0.139s] Level 1:colcon.colcon_core.package_identification:_identify(src/path_searching) by extension 'colcon_pkg'
[0.139s] Level 1:colcon.colcon_core.package_identification:_identify(src/path_searching) by extensions ['colcon_meta']
[0.139s] Level 1:colcon.colcon_core.package_identification:_identify(src/path_searching) by extension 'colcon_meta'
[0.139s] Level 1:colcon.colcon_core.package_identification:_identify(src/path_searching) by extensions ['ros']
[0.139s] Level 1:colcon.colcon_core.package_identification:_identify(src/path_searching) by extension 'ros'
[0.140s] DEBUG:colcon.colcon_core.package_identification:Package 'src/path_searching' with type 'ros.ament_cmake' and name 'path_searching'
[0.140s] Level 1:colcon.colcon_core.package_discovery:discover_packages(recursive) using defaults
[0.140s] Level 1:colcon.colcon_core.package_discovery:discover_packages(ignore) discover
[0.140s] Level 1:colcon.colcon_core.package_discovery:discover_packages(ignore) using defaults
[0.140s] Level 1:colcon.colcon_core.package_discovery:discover_packages(path) discover
[0.140s] Level 1:colcon.colcon_core.package_discovery:discover_packages(path) using defaults
[0.155s] INFO:colcon.colcon_core.package_selection:Skipping not selected package 'mpc_follower' in 'src/mpc_follower'
[0.155s] Level 1:colcon.colcon_core.package_discovery:discover_packages(prefix_path) check parameters
[0.155s] Level 1:colcon.colcon_core.package_discovery:discover_packages(prefix_path) discover
[0.157s] DEBUG:colcon.colcon_installed_package_information.package_discovery:Found 322 installed packages in /opt/ros/humble
[0.157s] Level 1:colcon.colcon_core.package_discovery:discover_packages(prefix_path) using defaults
[0.178s] Level 5:colcon.colcon_core.verb:set package 'path_searching' build argument 'cmake_args' from command line to 'None'
[0.178s] Level 5:colcon.colcon_core.verb:set package 'path_searching' build argument 'cmake_target' from command line to 'None'
[0.178s] Level 5:colcon.colcon_core.verb:set package 'path_searching' build argument 'cmake_target_skip_unavailable' from command line to 'False'
[0.178s] Level 5:colcon.colcon_core.verb:set package 'path_searching' build argument 'cmake_clean_cache' from command line to 'False'
[0.178s] Level 5:colcon.colcon_core.verb:set package 'path_searching' build argument 'cmake_clean_first' from command line to 'False'
[0.178s] Level 5:colcon.colcon_core.verb:set package 'path_searching' build argument 'cmake_force_configure' from command line to 'False'
[0.178s] Level 5:colcon.colcon_core.verb:set package 'path_searching' build argument 'ament_cmake_args' from command line to 'None'
[0.178s] Level 5:colcon.colcon_core.verb:set package 'path_searching' build argument 'catkin_cmake_args' from command line to 'None'
[0.178s] Level 5:colcon.colcon_core.verb:set package 'path_searching' build argument 'catkin_skip_building_tests' from command line to 'False'
[0.178s] DEBUG:colcon.colcon_core.verb:Building package 'path_searching' with the following arguments: {'ament_cmake_args': None, 'build_base': '/home/peony/navigation_ws/build/path_searching', 'catkin_cmake_args': None, 'catkin_skip_building_tests': False, 'cmake_args': None, 'cmake_clean_cache': False, 'cmake_clean_first': False, 'cmake_force_configure': False, 'cmake_target': None, 'cmake_target_skip_unavailable': False, 'install_base': '/home/peony/navigation_ws/install/path_searching', 'merge_install': False, 'path': '/home/peony/navigation_ws/src/path_searching', 'symlink_install': False, 'test_result_base': None}
[0.178s] INFO:colcon.colcon_core.executor:Executing jobs using 'parallel' executor
[0.178s] DEBUG:colcon.colcon_parallel_executor.executor.parallel:run_until_complete
[0.179s] INFO:colcon.colcon_ros.task.ament_cmake.build:Building ROS package in '/home/peony/navigation_ws/src/path_searching' with build type 'ament_cmake'
[0.179s] INFO:colcon.colcon_cmake.task.cmake.build:Building CMake package in '/home/peony/navigation_ws/src/path_searching'
[0.180s] INFO:colcon.colcon_core.plugin_system:Skipping extension 'colcon_core.shell.bat': Not used on non-Windows systems
[0.180s] INFO:colcon.colcon_core.shell:Skip shell extension 'powershell' for command environment: Not usable outside of PowerShell
[0.180s] DEBUG:colcon.colcon_core.shell:Skip shell extension 'dsv' for command environment
[0.186s] DEBUG:colcon.colcon_core.event_handler.log_command:Invoking command in '/home/peony/navigation_ws/build/path_searching': CMAKE_PREFIX_PATH=/opt/ros/humble /usr/bin/cmake --build /home/peony/navigation_ws/build/path_searching -- -j32 -l32
[18.012s] DEBUG:colcon.colcon_core.event_handler.log_command:Invoked command in '/home/peony/navigation_ws/build/path_searching' returned '0': CMAKE_PREFIX_PATH=/opt/ros/humble /usr/bin/cmake --build /home/peony/navigation_ws/build/path_searching -- -j32 -l32
[18.019s] DEBUG:colcon.colcon_core.event_handler.log_command:Invoking command in '/home/peony/navigation_ws/build/path_searching': CMAKE_PREFIX_PATH=/opt/ros/humble /usr/bin/cmake --install /home/peony/navigation_ws/build/path_searching
[18.043s] Level 1:colcon.colcon_core.environment:create_environment_scripts_only(path_searching)
[18.043s] DEBUG:colcon.colcon_core.event_handler.log_command:Invoked command in '/home/peony/navigation_ws/build/path_searching' returned '0': CMAKE_PREFIX_PATH=/opt/ros/humble /usr/bin/cmake --install /home/peony/navigation_ws/build/path_searching
[18.045s] Level 1:colcon.colcon_core.environment:checking '/home/peony/navigation_ws/install/path_searching' for CMake module files
[18.045s] Level 1:colcon.colcon_core.environment:checking '/home/peony/navigation_ws/install/path_searching' for CMake config files
[18.045s] Level 1:colcon.colcon_core.shell:create_environment_hook('path_searching', 'cmake_prefix_path')
[18.046s] INFO:colcon.colcon_core.shell:Creating environment hook '/home/peony/navigation_ws/install/path_searching/share/path_searching/hook/cmake_prefix_path.ps1'
[18.046s] INFO:colcon.colcon_core.shell:Creating environment descriptor '/home/peony/navigation_ws/install/path_searching/share/path_searching/hook/cmake_prefix_path.dsv'
[18.046s] INFO:colcon.colcon_core.shell:Creating environment hook '/home/peony/navigation_ws/install/path_searching/share/path_searching/hook/cmake_prefix_path.sh'
[18.047s] Level 1:colcon.colcon_core.environment:checking '/home/peony/navigation_ws/install/path_searching/lib'
[18.047s] Level 1:colcon.colcon_core.environment:checking '/home/peony/navigation_ws/install/path_searching/bin'
[18.047s] Level 1:colcon.colcon_core.environment:checking '/home/peony/navigation_ws/install/path_searching/lib/pkgconfig/path_searching.pc'
[18.047s] Level 1:colcon.colcon_core.environment:checking '/home/peony/navigation_ws/install/path_searching/lib/python3.10/site-packages'
[18.048s] Level 1:colcon.colcon_core.environment:checking '/home/peony/navigation_ws/install/path_searching/bin'
[18.048s] INFO:colcon.colcon_core.shell:Creating package script '/home/peony/navigation_ws/install/path_searching/share/path_searching/package.ps1'
[18.048s] INFO:colcon.colcon_core.shell:Creating package descriptor '/home/peony/navigation_ws/install/path_searching/share/path_searching/package.dsv'
[18.049s] INFO:colcon.colcon_core.shell:Creating package script '/home/peony/navigation_ws/install/path_searching/share/path_searching/package.sh'
[18.049s] INFO:colcon.colcon_core.shell:Creating package script '/home/peony/navigation_ws/install/path_searching/share/path_searching/package.bash'
[18.050s] INFO:colcon.colcon_core.shell:Creating package script '/home/peony/navigation_ws/install/path_searching/share/path_searching/package.zsh'
[18.050s] Level 1:colcon.colcon_core.environment:create_file_with_runtime_dependencies(/home/peony/navigation_ws/install/path_searching/share/colcon-core/packages/path_searching)
[18.050s] Level 1:colcon.colcon_core.environment:create_environment_scripts_only(path_searching)
[18.050s] Level 1:colcon.colcon_core.environment:checking '/home/peony/navigation_ws/install/path_searching' for CMake module files
[18.051s] Level 1:colcon.colcon_core.environment:checking '/home/peony/navigation_ws/install/path_searching' for CMake config files
[18.051s] Level 1:colcon.colcon_core.shell:create_environment_hook('path_searching', 'cmake_prefix_path')
[18.051s] INFO:colcon.colcon_core.shell:Creating environment hook '/home/peony/navigation_ws/install/path_searching/share/path_searching/hook/cmake_prefix_path.ps1'
[18.051s] INFO:colcon.colcon_core.shell:Creating environment descriptor '/home/peony/navigation_ws/install/path_searching/share/path_searching/hook/cmake_prefix_path.dsv'
[18.051s] INFO:colcon.colcon_core.shell:Creating environment hook '/home/peony/navigation_ws/install/path_searching/share/path_searching/hook/cmake_prefix_path.sh'
[18.052s] Level 1:colcon.colcon_core.environment:checking '/home/peony/navigation_ws/install/path_searching/lib'
[18.052s] Level 1:colcon.colcon_core.environment:checking '/home/peony/navigation_ws/install/path_searching/bin'
[18.052s] Level 1:colcon.colcon_core.environment:checking '/home/peony/navigation_ws/install/path_searching/lib/pkgconfig/path_searching.pc'
[18.052s] Level 1:colcon.colcon_core.environment:checking '/home/peony/navigation_ws/install/path_searching/lib/python3.10/site-packages'
[18.052s] Level 1:colcon.colcon_core.environment:checking '/home/peony/navigation_ws/install/path_searching/bin'
[18.052s] INFO:colcon.colcon_core.shell:Creating package script '/home/peony/navigation_ws/install/path_searching/share/path_searching/package.ps1'
[18.052s] INFO:colcon.colcon_core.shell:Creating package descriptor '/home/peony/navigation_ws/install/path_searching/share/path_searching/package.dsv'
[18.053s] INFO:colcon.colcon_core.shell:Creating package script '/home/peony/navigation_ws/install/path_searching/share/path_searching/package.sh'
[18.053s] INFO:colcon.colcon_core.shell:Creating package script '/home/peony/navigation_ws/install/path_searching/share/path_searching/package.bash'
[18.053s] INFO:colcon.colcon_core.shell:Creating package script '/home/peony/navigation_ws/install/path_searching/share/path_searching/package.zsh'
[18.053s] Level 1:colcon.colcon_core.environment:create_file_with_runtime_dependencies(/home/peony/navigation_ws/install/path_searching/share/colcon-core/packages/path_searching)
[18.054s] DEBUG:colcon.colcon_parallel_executor.executor.parallel:closing loop
[18.054s] DEBUG:colcon.colcon_parallel_executor.executor.parallel:loop closed
[18.054s] DEBUG:colcon.colcon_parallel_executor.executor.parallel:run_until_complete finished with '0'
[18.054s] DEBUG:colcon.colcon_core.event_reactor:joining thread
[18.057s] INFO:colcon.colcon_core.plugin_system:Skipping extension 'colcon_notification.desktop_notification.terminal_notifier': Not used on non-Darwin systems
[18.057s] INFO:colcon.colcon_core.plugin_system:Skipping extension 'colcon_notification.desktop_notification.win32': Not used on non-Windows systems
[18.057s] INFO:colcon.colcon_notification.desktop_notification:Sending desktop notification using 'notify2'
[18.069s] DEBUG:colcon.colcon_core.event_reactor:joined thread
[18.070s] INFO:colcon.colcon_core.shell:Creating prefix script '/home/peony/navigation_ws/install/local_setup.ps1'
[18.071s] INFO:colcon.colcon_core.shell:Creating prefix util module '/home/peony/navigation_ws/install/_local_setup_util_ps1.py'
[18.072s] INFO:colcon.colcon_core.shell:Creating prefix chain script '/home/peony/navigation_ws/install/setup.ps1'
[18.072s] INFO:colcon.colcon_core.shell:Creating prefix script '/home/peony/navigation_ws/install/local_setup.sh'
[18.073s] INFO:colcon.colcon_core.shell:Creating prefix util module '/home/peony/navigation_ws/install/_local_setup_util_sh.py'
[18.073s] INFO:colcon.colcon_core.shell:Creating prefix chain script '/home/peony/navigation_ws/install/setup.sh'
[18.074s] INFO:colcon.colcon_core.shell:Creating prefix script '/home/peony/navigation_ws/install/local_setup.bash'
[18.074s] INFO:colcon.colcon_core.shell:Creating prefix chain script '/home/peony/navigation_ws/install/setup.bash'
[18.075s] INFO:colcon.colcon_core.shell:Creating prefix script '/home/peony/navigation_ws/install/local_setup.zsh'
[18.075s] INFO:colcon.colcon_core.shell:Creating prefix chain script '/home/peony/navigation_ws/install/setup.zsh'
