[0.006s] Invoking command in '/home/peony/navigation_ws/mpc_follower/build/mpc_follower': CMAKE_PREFIX_PATH=/opt/ros/humble /usr/bin/cmake /home/peony/navigation_ws/mpc_follower -DCMAKE_INSTALL_PREFIX=/home/peony/navigation_ws/mpc_follower/install/mpc_follower
[0.051s] -- The C compiler identification is GNU 11.4.0
[0.096s] -- The CXX compiler identification is GNU 11.4.0
[0.101s] -- Detecting C compiler ABI info
[0.157s] -- Detecting C compiler ABI info - done
[0.162s] -- Check for working C compiler: /usr/bin/cc - skipped
[0.162s] -- Detecting C compile features
[0.162s] -- Detecting C compile features - done
[0.165s] -- Detecting CXX compiler ABI info
[0.228s] -- Detecting CXX compiler ABI info - done
[0.233s] -- Check for working CXX compiler: /usr/bin/c++ - skipped
[0.233s] -- Detecting CXX compile features
[0.233s] -- Detecting CXX compile features - done
[0.235s] -- Found ament_cmake: 1.3.12 (/opt/ros/humble/share/ament_cmake/cmake)
[0.344s] -- Found Python3: /usr/bin/python3 (found version "3.10.12") found components: Interpreter 
[0.392s] -- Found rclcpp: 16.0.16 (/opt/ros/humble/share/rclcpp/cmake)
[0.412s] -- Found rosidl_generator_c: 3.1.7 (/opt/ros/humble/share/rosidl_generator_c/cmake)
[0.415s] -- Found rosidl_adapter: 3.1.7 (/opt/ros/humble/share/rosidl_adapter/cmake)
[0.419s] -- Found rosidl_generator_cpp: 3.1.7 (/opt/ros/humble/share/rosidl_generator_cpp/cmake)
[0.424s] -- Using all available rosidl_typesupport_c: rosidl_typesupport_fastrtps_c;rosidl_typesupport_introspection_c
[0.433s] -- Using all available rosidl_typesupport_cpp: rosidl_typesupport_fastrtps_cpp;rosidl_typesupport_introspection_cpp
[0.454s] -- Found rmw_implementation_cmake: 6.1.2 (/opt/ros/humble/share/rmw_implementation_cmake/cmake)
[0.455s] -- Found rmw_fastrtps_cpp: 6.2.9 (/opt/ros/humble/share/rmw_fastrtps_cpp/cmake)
[0.514s] -- Found OpenSSL: /usr/lib/x86_64-linux-gnu/libcrypto.so (found version "3.0.2")  
[0.531s] -- Found FastRTPS: /opt/ros/humble/include  
[0.556s] -- Using RMW implementation 'rmw_fastrtps_cpp' as default
[0.560s] -- Looking for pthread.h
[0.603s] -- Looking for pthread.h - found
[0.603s] -- Performing Test CMAKE_HAVE_LIBC_PTHREAD
[0.644s] -- Performing Test CMAKE_HAVE_LIBC_PTHREAD - Success
[0.644s] -- Found Threads: TRUE  
[0.670s] -- Found nav_msgs: 4.9.0 (/opt/ros/humble/share/nav_msgs/cmake)
[0.685s] -- Found visualization_msgs: 4.9.0 (/opt/ros/humble/share/visualization_msgs/cmake)
[0.708s] -- Found tf2: 0.25.17 (/opt/ros/humble/share/tf2/cmake)
[0.714s] -- Found tf2_ros: 0.25.17 (/opt/ros/humble/share/tf2_ros/cmake)
[0.759s] -- Found tf2_geometry_msgs: 0.25.17 (/opt/ros/humble/share/tf2_geometry_msgs/cmake)
[0.764s] -- Found eigen3_cmake_module: 0.1.1 (/opt/ros/humble/share/eigen3_cmake_module/cmake)
[0.764s] -- Found Eigen3: TRUE (found version "3.4.0") 
[0.764s] -- Ensuring Eigen3 include directory is part of orocos-kdl CMake target
[0.768s] -- Found PkgConfig: /usr/bin/pkg-config (found version "0.29.2") 
[0.778s] -- Found angles: 1.15.0 (/opt/ros/humble/share/angles/cmake)
[0.780s] -- Found pcl_conversions: 2.4.5 (/opt/ros/humble/share/pcl_conversions/cmake)
[0.800s] -- Checking for module 'eigen3'
[0.811s] --   Found eigen3, version 3.4.0
[0.837s] -- Found Eigen: /usr/include/eigen3 (Required is at least version "3.1") 
[0.837s] -- Eigen found (include: /usr/include/eigen3, version: 3.4.0)
[0.857s] -- Checking for module 'flann'
[0.868s] --   Found flann, version 1.9.1
[0.900s] -- Found FLANN: /usr/lib/x86_64-linux-gnu/libflann_cpp.so  
[0.900s] -- FLANN found (include: /usr/include, lib: /usr/lib/x86_64-linux-gnu/libflann_cpp.so)
[1.475s] -- Checking for module 'libusb-1.0'
[1.487s] --   Found libusb-1.0, version 1.0.25
[1.516s] -- Found libusb: /usr/lib/x86_64-linux-gnu/libusb-1.0.so  
[1.517s] -- OpenNI found (version: 1.5.4.0, include: /usr/include/ni, lib: /usr/lib/libOpenNI.so;libusb::libusb)
[1.561s] -- OpenNI2 found (version: 2.2.0.33, include: /usr/include/openni2, lib: /usr/lib/x86_64-linux-gnu/libOpenNI2.so;libusb::libusb)
[1.651s] -- Eigen found (include: /usr/include/eigen3, version: 3.4.0)
[1.655s] -- OpenNI found (version: 1.5.4.0, include: /usr/include/ni, lib: /usr/lib/libOpenNI.so;libusb::libusb)
[1.660s] -- OpenNI2 found (version: 2.2.0.33, include: /usr/include/openni2, lib: /usr/lib/x86_64-linux-gnu/libOpenNI2.so;libusb::libusb)
[1.743s] -- Found Qhull version 8.0.2
[1.829s] -- OpenNI found (version: 1.5.4.0, include: /usr/include/ni, lib: /usr/lib/libOpenNI.so;libusb::libusb)
[1.911s] -- Found PCL_COMMON: /usr/lib/x86_64-linux-gnu/libpcl_common.so  
[1.911s] -- Found PCL_KDTREE: /usr/lib/x86_64-linux-gnu/libpcl_kdtree.so  
[1.912s] -- Found PCL_OCTREE: /usr/lib/x86_64-linux-gnu/libpcl_octree.so  
[1.912s] -- Found PCL_SEARCH: /usr/lib/x86_64-linux-gnu/libpcl_search.so  
[1.913s] -- Found PCL_SAMPLE_CONSENSUS: /usr/lib/x86_64-linux-gnu/libpcl_sample_consensus.so  
[1.913s] -- Found PCL_FILTERS: /usr/lib/x86_64-linux-gnu/libpcl_filters.so  
[1.913s] -- Found PCL_2D: /usr/include/pcl-1.12  
[1.913s] -- Found PCL_GEOMETRY: /usr/include/pcl-1.12  
[1.914s] -- Found PCL_IO: /usr/lib/x86_64-linux-gnu/libpcl_io.so  
[1.914s] -- Found PCL_FEATURES: /usr/lib/x86_64-linux-gnu/libpcl_features.so  
[1.915s] -- Found PCL_ML: /usr/lib/x86_64-linux-gnu/libpcl_ml.so  
[1.915s] -- Found PCL_SEGMENTATION: /usr/lib/x86_64-linux-gnu/libpcl_segmentation.so  
[1.916s] -- Found PCL_VISUALIZATION: /usr/lib/x86_64-linux-gnu/libpcl_visualization.so  
[1.916s] -- Found PCL_SURFACE: /usr/lib/x86_64-linux-gnu/libpcl_surface.so  
[1.917s] -- Found PCL_REGISTRATION: /usr/lib/x86_64-linux-gnu/libpcl_registration.so  
[1.917s] -- Found PCL_KEYPOINTS: /usr/lib/x86_64-linux-gnu/libpcl_keypoints.so  
[1.918s] -- Found PCL_TRACKING: /usr/lib/x86_64-linux-gnu/libpcl_tracking.so  
[1.918s] -- Found PCL_RECOGNITION: /usr/lib/x86_64-linux-gnu/libpcl_recognition.so  
[1.919s] -- Found PCL_STEREO: /usr/lib/x86_64-linux-gnu/libpcl_stereo.so  
[1.919s] -- Found PCL_APPS: /usr/lib/x86_64-linux-gnu/libpcl_apps.so  
[1.919s] -- Found PCL_IN_HAND_SCANNER: /usr/include/pcl-1.12  
[1.920s] -- Found PCL_MODELER: /usr/include/pcl-1.12  
[1.920s] -- Found PCL_POINT_CLOUD_EDITOR: /usr/include/pcl-1.12  
[1.920s] -- Found PCL_OUTOFCORE: /usr/lib/x86_64-linux-gnu/libpcl_outofcore.so  
[1.921s] -- Found PCL_PEOPLE: /usr/lib/x86_64-linux-gnu/libpcl_people.so  
[1.927s] -- Found ament_lint_auto: 0.12.14 (/opt/ros/humble/share/ament_lint_auto/cmake)
[1.979s] -- Added test 'copyright' to check source files copyright and LICENSE
[1.982s] -- Added test 'cppcheck' to perform static code analysis on C / C++ code
[1.982s] -- Configured cppcheck include dirs: /home/peony/navigation_ws/mpc_follower/include
[1.983s] -- Configured cppcheck exclude dirs and/or files: 
[1.986s] -- Added test 'cpplint' to check C / C++ code against the Google style
[1.986s] -- Configured cpplint exclude dirs and/or files: 
[1.987s] -- Added test 'flake8' to check Python code syntax and style conventions
[1.988s] -- Added test 'lint_cmake' to check CMake code style
[1.988s] -- Added test 'pep257' to check Python code against some of the docstring style conventions in PEP 257
[1.992s] -- Added test 'uncrustify' to check C / C++ code style
[1.992s] -- Configured uncrustify additional arguments: 
[1.993s] -- Added test 'xmllint' to check XML markup files
[1.993s] -- Configuring done
[2.015s] -- Generating done
[2.021s] -- Build files have been written to: /home/peony/navigation_ws/mpc_follower/build/mpc_follower
[2.032s] Invoked command in '/home/peony/navigation_ws/mpc_follower/build/mpc_follower' returned '0': CMAKE_PREFIX_PATH=/opt/ros/humble /usr/bin/cmake /home/peony/navigation_ws/mpc_follower -DCMAKE_INSTALL_PREFIX=/home/peony/navigation_ws/mpc_follower/install/mpc_follower
[2.034s] Invoking command in '/home/peony/navigation_ws/mpc_follower/build/mpc_follower': CMAKE_PREFIX_PATH=/opt/ros/humble /usr/bin/cmake --build /home/peony/navigation_ws/mpc_follower/build/mpc_follower -- -j32 -l32
[2.067s] [ 33%] [32mBuilding CXX object CMakeFiles/mpc_node.dir/src/mpc_node.cpp.o[0m
[2.067s] [ 66%] [32mBuilding CXX object CMakeFiles/mpc_node.dir/src/mpc_controller.cpp.o[0m
[11.555s] [100%] [32m[1mLinking CXX executable mpc_node[0m
[12.401s] [100%] Built target mpc_node
[12.413s] Invoked command in '/home/peony/navigation_ws/mpc_follower/build/mpc_follower' returned '0': CMAKE_PREFIX_PATH=/opt/ros/humble /usr/bin/cmake --build /home/peony/navigation_ws/mpc_follower/build/mpc_follower -- -j32 -l32
[12.418s] Invoking command in '/home/peony/navigation_ws/mpc_follower/build/mpc_follower': CMAKE_PREFIX_PATH=/opt/ros/humble /usr/bin/cmake --install /home/peony/navigation_ws/mpc_follower/build/mpc_follower
[12.423s] -- Install configuration: ""
[12.423s] -- Installing: /home/peony/navigation_ws/mpc_follower/install/mpc_follower/lib/mpc_follower/mpc_node
[12.428s] -- Set runtime path of "/home/peony/navigation_ws/mpc_follower/install/mpc_follower/lib/mpc_follower/mpc_node" to ""
[12.428s] -- Installing: /home/peony/navigation_ws/mpc_follower/install/mpc_follower/include/
[12.429s] -- Installing: /home/peony/navigation_ws/mpc_follower/install/mpc_follower/include//mpc_controller.h
[12.429s] -- Installing: /home/peony/navigation_ws/mpc_follower/install/mpc_follower/include//robot_model.h
[12.429s] -- Installing: /home/peony/navigation_ws/mpc_follower/install/mpc_follower/include//mpc_follower
[12.429s] -- Installing: /home/peony/navigation_ws/mpc_follower/install/mpc_follower/share/mpc_follower/cfg/
[12.429s] -- Installing: /home/peony/navigation_ws/mpc_follower/install/mpc_follower/share/mpc_follower/cfg//mpc_params.yaml
[12.429s] -- Installing: /home/peony/navigation_ws/mpc_follower/install/mpc_follower/share/mpc_follower/launch/
[12.429s] -- Installing: /home/peony/navigation_ws/mpc_follower/install/mpc_follower/share/mpc_follower/launch//mpc_follower.launch.py
[12.429s] -- Installing: /home/peony/navigation_ws/mpc_follower/install/mpc_follower/share/ament_index/resource_index/package_run_dependencies/mpc_follower
[12.429s] -- Installing: /home/peony/navigation_ws/mpc_follower/install/mpc_follower/share/ament_index/resource_index/parent_prefix_path/mpc_follower
[12.429s] -- Installing: /home/peony/navigation_ws/mpc_follower/install/mpc_follower/share/mpc_follower/environment/ament_prefix_path.sh
[12.429s] -- Installing: /home/peony/navigation_ws/mpc_follower/install/mpc_follower/share/mpc_follower/environment/ament_prefix_path.dsv
[12.429s] -- Installing: /home/peony/navigation_ws/mpc_follower/install/mpc_follower/share/mpc_follower/environment/path.sh
[12.429s] -- Installing: /home/peony/navigation_ws/mpc_follower/install/mpc_follower/share/mpc_follower/environment/path.dsv
[12.430s] -- Installing: /home/peony/navigation_ws/mpc_follower/install/mpc_follower/share/mpc_follower/local_setup.bash
[12.430s] -- Installing: /home/peony/navigation_ws/mpc_follower/install/mpc_follower/share/mpc_follower/local_setup.sh
[12.430s] -- Installing: /home/peony/navigation_ws/mpc_follower/install/mpc_follower/share/mpc_follower/local_setup.zsh
[12.430s] -- Installing: /home/peony/navigation_ws/mpc_follower/install/mpc_follower/share/mpc_follower/local_setup.dsv
[12.430s] -- Installing: /home/peony/navigation_ws/mpc_follower/install/mpc_follower/share/mpc_follower/package.dsv
[12.430s] -- Installing: /home/peony/navigation_ws/mpc_follower/install/mpc_follower/share/ament_index/resource_index/packages/mpc_follower
[12.430s] -- Installing: /home/peony/navigation_ws/mpc_follower/install/mpc_follower/share/mpc_follower/cmake/mpc_followerConfig.cmake
[12.430s] -- Installing: /home/peony/navigation_ws/mpc_follower/install/mpc_follower/share/mpc_follower/cmake/mpc_followerConfig-version.cmake
[12.430s] -- Installing: /home/peony/navigation_ws/mpc_follower/install/mpc_follower/share/mpc_follower/package.xml
[12.432s] Invoked command in '/home/peony/navigation_ws/mpc_follower/build/mpc_follower' returned '0': CMAKE_PREFIX_PATH=/opt/ros/humble /usr/bin/cmake --install /home/peony/navigation_ws/mpc_follower/build/mpc_follower
